<?xml version="1.0" encoding="UTF-8"?>
<!-- Generated by org.testng.reporters.JUnitXMLReporter -->
<testsuite ignored="2" hostname="LIN51010137" failures="0" tests="1" name="Login" time="0.156" errors="0" timestamp="2024-03-17T13:44:09 IST">
  <testcase classname="testngpractice.Groups" name="test1" time="0.027"/>
  <testcase classname="testngpractice.Groups" name="test3" time="0.0">
    <ignored/>
  </testcase> <!-- test3 -->
  <testcase classname="testngpractice.Groups" name="test2" time="0.0">
    <ignored/>
  </testcase> <!-- test2 -->
</testsuite> <!-- Login -->
