<?xml version="1.0" encoding="UTF-8"?>
<testng-results ignored="0" total="2" passed="2" failed="0" skipped="0">
  <reporter-output>
  </reporter-output>
  <suite started-at="2024-03-20T10:41:46 IST" name="Suite" finished-at="2024-03-20T10:41:46 IST" duration-ms="120">
    <groups>
    </groups>
    <test started-at="2024-03-20T10:41:46 IST" name="Test" finished-at="2024-03-20T10:41:46 IST" duration-ms="120">
      <class name="testngpractice.Annotations">
        <test-method is-config="true" signature="x()[pri:0, instance:testngpractice.Annotations@7ec7ffd3]" started-at="2024-03-20T10:41:46 IST" name="x" finished-at="2024-03-20T10:41:46 IST" duration-ms="20" status="PASS">
          <reporter-output>
          </reporter-output>
        </test-method> <!-- x -->
        <test-method is-config="true" signature="start_test()[pri:0, instance:testngpractice.Annotations@7ec7ffd3]" started-at="2024-03-20T10:41:46 IST" name="start_test" finished-at="2024-03-20T10:41:46 IST" duration-ms="1" status="PASS">
          <reporter-output>
          </reporter-output>
        </test-method> <!-- start_test -->
        <test-method is-config="true" signature="m()[pri:0, instance:testngpractice.Annotations@7ec7ffd3]" started-at="2024-03-20T10:41:46 IST" name="m" finished-at="2024-03-20T10:41:46 IST" duration-ms="0" status="PASS">
          <reporter-output>
          </reporter-output>
        </test-method> <!-- m -->
        <test-method is-config="true" signature="openAPP()[pri:0, instance:testngpractice.Annotations@7ec7ffd3]" started-at="2024-03-20T10:41:46 IST" name="openAPP" finished-at="2024-03-20T10:41:46 IST" duration-ms="1" status="PASS">
          <reporter-output>
          </reporter-output>
        </test-method> <!-- openAPP -->
        <test-method signature="login()[pri:0, instance:testngpractice.Annotations@7ec7ffd3]" started-at="2024-03-20T10:41:46 IST" name="login" finished-at="2024-03-20T10:41:46 IST" duration-ms="14" status="PASS">
          <reporter-output>
          </reporter-output>
        </test-method> <!-- login -->
        <test-method is-config="true" signature="closeAPP()[pri:0, instance:testngpractice.Annotations@7ec7ffd3]" started-at="2024-03-20T10:41:46 IST" name="closeAPP" finished-at="2024-03-20T10:41:46 IST" duration-ms="0" status="PASS">
          <reporter-output>
          </reporter-output>
        </test-method> <!-- closeAPP -->
        <test-method is-config="true" signature="openAPP()[pri:0, instance:testngpractice.Annotations@7ec7ffd3]" started-at="2024-03-20T10:41:46 IST" name="openAPP" finished-at="2024-03-20T10:41:46 IST" duration-ms="1" status="PASS">
          <reporter-output>
          </reporter-output>
        </test-method> <!-- openAPP -->
        <test-method signature="search()[pri:0, instance:testngpractice.Annotations@7ec7ffd3]" started-at="2024-03-20T10:41:46 IST" name="search" finished-at="2024-03-20T10:41:46 IST" duration-ms="4" status="PASS">
          <reporter-output>
          </reporter-output>
        </test-method> <!-- search -->
        <test-method is-config="true" signature="closeAPP()[pri:0, instance:testngpractice.Annotations@7ec7ffd3]" started-at="2024-03-20T10:41:46 IST" name="closeAPP" finished-at="2024-03-20T10:41:46 IST" duration-ms="0" status="PASS">
          <reporter-output>
          </reporter-output>
        </test-method> <!-- closeAPP -->
        <test-method is-config="true" signature="n()[pri:0, instance:testngpractice.Annotations@7ec7ffd3]" started-at="2024-03-20T10:41:46 IST" name="n" finished-at="2024-03-20T10:41:46 IST" duration-ms="1" status="PASS">
          <reporter-output>
          </reporter-output>
        </test-method> <!-- n -->
        <test-method is-config="true" signature="end_test()[pri:0, instance:testngpractice.Annotations@7ec7ffd3]" started-at="2024-03-20T10:41:46 IST" name="end_test" finished-at="2024-03-20T10:41:46 IST" duration-ms="1" status="PASS">
          <reporter-output>
          </reporter-output>
        </test-method> <!-- end_test -->
        <test-method is-config="true" signature="y()[pri:0, instance:testngpractice.Annotations@7ec7ffd3]" started-at="2024-03-20T10:41:47 IST" name="y" finished-at="2024-03-20T10:41:47 IST" duration-ms="1" status="PASS">
          <reporter-output>
          </reporter-output>
        </test-method> <!-- y -->
      </class> <!-- testngpractice.Annotations -->
    </test> <!-- Test -->
  </suite> <!-- Suite -->
</testng-results>
